<?xml version="1.0" encoding="UTF-8"?>
<testng-results ignored="0" total="2" passed="2" failed="0" skipped="0">
  <reporter-output>
  </reporter-output>
  <suite started-at="2024-01-24T19:55:42 CST" name="variousConcepts.crmTest" finished-at="2024-01-24T19:56:06 CST" duration-ms="23645">
    <groups>
    </groups>
    <test started-at="2024-01-24T19:55:42 CST" name="Command line test" finished-at="2024-01-24T19:56:06 CST" duration-ms="23645">
      <class name="variousConcepts.crmTest">
        <test-method is-config="true" signature="readConfig()[pri:0, instance:variousConcepts.crmTest@7d8704ef]" started-at="2024-01-24T19:55:42 CST" name="readConfig" finished-at="2024-01-24T19:55:42 CST" duration-ms="29" status="PASS">
          <reporter-output>
          </reporter-output>
        </test-method> <!-- readConfig -->
        <test-method is-config="true" signature="init()[pri:0, instance:variousConcepts.crmTest@7d8704ef]" started-at="2024-01-24T19:55:42 CST" name="init" finished-at="2024-01-24T19:55:47 CST" duration-ms="4443" status="PASS">
          <reporter-output>
          </reporter-output>
        </test-method> <!-- init -->
        <test-method signature="testAlert()[pri:0, instance:variousConcepts.crmTest@7d8704ef]" started-at="2024-01-24T19:55:47 CST" name="testAlert" finished-at="2024-01-24T19:55:48 CST" duration-ms="983" status="PASS">
          <reporter-output>
          </reporter-output>
        </test-method> <!-- testAlert -->
        <test-method is-config="true" signature="tearDown()[pri:0, instance:variousConcepts.crmTest@7d8704ef]" started-at="2024-01-24T19:55:48 CST" name="tearDown" finished-at="2024-01-24T19:55:52 CST" duration-ms="4318" status="PASS">
          <reporter-output>
          </reporter-output>
        </test-method> <!-- tearDown -->
        <test-method is-config="true" signature="init()[pri:0, instance:variousConcepts.crmTest@7d8704ef]" started-at="2024-01-24T19:55:52 CST" name="init" finished-at="2024-01-24T19:55:56 CST" duration-ms="3814" status="PASS">
          <reporter-output>
          </reporter-output>
        </test-method> <!-- init -->
        <test-method signature="testLogin()[pri:0, instance:variousConcepts.crmTest@7d8704ef]" started-at="2024-01-24T19:55:56 CST" name="testLogin" finished-at="2024-01-24T19:56:06 CST" duration-ms="9716" status="PASS">
          <reporter-output>
          </reporter-output>
        </test-method> <!-- testLogin -->
        <test-method is-config="true" signature="tearDown()[pri:0, instance:variousConcepts.crmTest@7d8704ef]" started-at="2024-01-24T19:56:06 CST" name="tearDown" finished-at="2024-01-24T19:56:06 CST" duration-ms="281" status="PASS">
          <reporter-output>
          </reporter-output>
        </test-method> <!-- tearDown -->
      </class> <!-- variousConcepts.crmTest -->
    </test> <!-- Command line test -->
  </suite> <!-- variousConcepts.crmTest -->
</testng-results>
