<?xml version="1.0" encoding="UTF-8"?>
<testng-results ignored="0" total="2" passed="2" failed="0" skipped="0">
  <reporter-output>
  </reporter-output>
  <suite started-at="2024-01-21T15:41:41 CST" name="Default suite" finished-at="2024-01-21T15:42:01 CST" duration-ms="20217">
    <groups>
    </groups>
    <test started-at="2024-01-21T15:41:41 CST" name="Default test" finished-at="2024-01-21T15:42:01 CST" duration-ms="20217">
      <class name="variousConcepts.crmTest">
        <test-method is-config="true" signature="readConfig()[pri:0, instance:variousConcepts.crmTest@76b1e9b8]" started-at="2024-01-21T15:41:41 CST" name="readConfig" finished-at="2024-01-21T15:41:41 CST" duration-ms="17" status="PASS">
          <reporter-output>
          </reporter-output>
        </test-method> <!-- readConfig -->
        <test-method is-config="true" signature="init()[pri:0, instance:variousConcepts.crmTest@76b1e9b8]" started-at="2024-01-21T15:41:41 CST" name="init" finished-at="2024-01-21T15:41:48 CST" duration-ms="7359" status="PASS">
          <reporter-output>
          </reporter-output>
        </test-method> <!-- init -->
        <test-method signature="testAlert()[pri:0, instance:variousConcepts.crmTest@76b1e9b8]" started-at="2024-01-21T15:41:48 CST" name="testAlert" finished-at="2024-01-21T15:41:48 CST" duration-ms="330" status="PASS">
          <reporter-output>
          </reporter-output>
        </test-method> <!-- testAlert -->
        <test-method is-config="true" signature="tearDown()[pri:0, instance:variousConcepts.crmTest@76b1e9b8]" started-at="2024-01-21T15:41:48 CST" name="tearDown" finished-at="2024-01-21T15:41:49 CST" duration-ms="213" status="PASS">
          <reporter-output>
          </reporter-output>
        </test-method> <!-- tearDown -->
        <test-method is-config="true" signature="init()[pri:0, instance:variousConcepts.crmTest@76b1e9b8]" started-at="2024-01-21T15:41:49 CST" name="init" finished-at="2024-01-21T15:41:52 CST" duration-ms="3678" status="PASS">
          <reporter-output>
          </reporter-output>
        </test-method> <!-- init -->
        <test-method signature="testLogin()[pri:0, instance:variousConcepts.crmTest@76b1e9b8]" started-at="2024-01-21T15:41:52 CST" name="testLogin" finished-at="2024-01-21T15:42:01 CST" duration-ms="8288" status="PASS">
          <reporter-output>
          </reporter-output>
        </test-method> <!-- testLogin -->
        <test-method is-config="true" signature="tearDown()[pri:0, instance:variousConcepts.crmTest@76b1e9b8]" started-at="2024-01-21T15:42:01 CST" name="tearDown" finished-at="2024-01-21T15:42:01 CST" duration-ms="274" status="PASS">
          <reporter-output>
          </reporter-output>
        </test-method> <!-- tearDown -->
      </class> <!-- variousConcepts.crmTest -->
    </test> <!-- Default test -->
  </suite> <!-- Default suite -->
</testng-results>
